Determining if the pthread_create exist failed with the following output:
Change Dir: /home/axel/P5/build/CMakeFiles/CMakeTmp

<<<<<<< HEAD
Run Build Command:"/usr/bin/make" "cmTC_8fcb3/fast"
/usr/bin/make -f CMakeFiles/cmTC_8fcb3.dir/build.make CMakeFiles/cmTC_8fcb3.dir/build
make[1]: Entering directory '/home/vini/P5/build/CMakeFiles/CMakeTmp'
Building C object CMakeFiles/cmTC_8fcb3.dir/CheckSymbolExists.c.o
/usr/bin/cc    -o CMakeFiles/cmTC_8fcb3.dir/CheckSymbolExists.c.o   -c /home/vini/P5/build/CMakeFiles/CMakeTmp/CheckSymbolExists.c
Linking C executable cmTC_8fcb3
/usr/bin/cmake -E cmake_link_script CMakeFiles/cmTC_8fcb3.dir/link.txt --verbose=1
/usr/bin/cc      -rdynamic CMakeFiles/cmTC_8fcb3.dir/CheckSymbolExists.c.o  -o cmTC_8fcb3 
CMakeFiles/cmTC_8fcb3.dir/CheckSymbolExists.c.o: In function `main':
CheckSymbolExists.c:(.text+0x1b): undefined reference to `pthread_create'
collect2: error: ld returned 1 exit status
CMakeFiles/cmTC_8fcb3.dir/build.make:97: recipe for target 'cmTC_8fcb3' failed
make[1]: *** [cmTC_8fcb3] Error 1
make[1]: Leaving directory '/home/vini/P5/build/CMakeFiles/CMakeTmp'
Makefile:126: recipe for target 'cmTC_8fcb3/fast' failed
make: *** [cmTC_8fcb3/fast] Error 2
=======
Run Build Command:"/usr/bin/make" "cmTC_6abf4/fast"
/usr/bin/make -f CMakeFiles/cmTC_6abf4.dir/build.make CMakeFiles/cmTC_6abf4.dir/build
make[1]: Entering directory '/home/axel/P5/build/CMakeFiles/CMakeTmp'
Building C object CMakeFiles/cmTC_6abf4.dir/CheckSymbolExists.c.o
/usr/bin/cc    -o CMakeFiles/cmTC_6abf4.dir/CheckSymbolExists.c.o   -c /home/axel/P5/build/CMakeFiles/CMakeTmp/CheckSymbolExists.c
Linking C executable cmTC_6abf4
/usr/bin/cmake -E cmake_link_script CMakeFiles/cmTC_6abf4.dir/link.txt --verbose=1
/usr/bin/cc      -rdynamic CMakeFiles/cmTC_6abf4.dir/CheckSymbolExists.c.o  -o cmTC_6abf4 
CMakeFiles/cmTC_6abf4.dir/CheckSymbolExists.c.o: In function `main':
CheckSymbolExists.c:(.text+0x1b): undefined reference to `pthread_create'
collect2: error: ld returned 1 exit status
CMakeFiles/cmTC_6abf4.dir/build.make:97: recipe for target 'cmTC_6abf4' failed
make[1]: *** [cmTC_6abf4] Error 1
make[1]: Leaving directory '/home/axel/P5/build/CMakeFiles/CMakeTmp'
Makefile:126: recipe for target 'cmTC_6abf4/fast' failed
make: *** [cmTC_6abf4/fast] Error 2
>>>>>>> c0686da4ef00f543f3e2534c55792ba20b859868

File /home/axel/P5/build/CMakeFiles/CMakeTmp/CheckSymbolExists.c:
/* */
#include <pthread.h>

int main(int argc, char** argv)
{
  (void)argv;
#ifndef pthread_create
  return ((int*)(&pthread_create))[argc];
#else
  (void)argc;
  return 0;
#endif
}

Determining if the function pthread_create exists in the pthreads failed with the following output:
Change Dir: /home/axel/P5/build/CMakeFiles/CMakeTmp

<<<<<<< HEAD
Run Build Command:"/usr/bin/make" "cmTC_39516/fast"
/usr/bin/make -f CMakeFiles/cmTC_39516.dir/build.make CMakeFiles/cmTC_39516.dir/build
make[1]: Entering directory '/home/vini/P5/build/CMakeFiles/CMakeTmp'
Building C object CMakeFiles/cmTC_39516.dir/CheckFunctionExists.c.o
/usr/bin/cc   -DCHECK_FUNCTION_EXISTS=pthread_create   -o CMakeFiles/cmTC_39516.dir/CheckFunctionExists.c.o   -c /usr/share/cmake-3.10/Modules/CheckFunctionExists.c
Linking C executable cmTC_39516
/usr/bin/cmake -E cmake_link_script CMakeFiles/cmTC_39516.dir/link.txt --verbose=1
/usr/bin/cc  -DCHECK_FUNCTION_EXISTS=pthread_create    -rdynamic CMakeFiles/cmTC_39516.dir/CheckFunctionExists.c.o  -o cmTC_39516 -lpthreads 
/usr/bin/ld: cannot find -lpthreads
collect2: error: ld returned 1 exit status
CMakeFiles/cmTC_39516.dir/build.make:97: recipe for target 'cmTC_39516' failed
make[1]: *** [cmTC_39516] Error 1
make[1]: Leaving directory '/home/vini/P5/build/CMakeFiles/CMakeTmp'
Makefile:126: recipe for target 'cmTC_39516/fast' failed
make: *** [cmTC_39516/fast] Error 2
=======
Run Build Command:"/usr/bin/make" "cmTC_080d1/fast"
/usr/bin/make -f CMakeFiles/cmTC_080d1.dir/build.make CMakeFiles/cmTC_080d1.dir/build
make[1]: Entering directory '/home/axel/P5/build/CMakeFiles/CMakeTmp'
Building C object CMakeFiles/cmTC_080d1.dir/CheckFunctionExists.c.o
/usr/bin/cc   -DCHECK_FUNCTION_EXISTS=pthread_create   -o CMakeFiles/cmTC_080d1.dir/CheckFunctionExists.c.o   -c /usr/share/cmake-3.10/Modules/CheckFunctionExists.c
Linking C executable cmTC_080d1
/usr/bin/cmake -E cmake_link_script CMakeFiles/cmTC_080d1.dir/link.txt --verbose=1
/usr/bin/cc  -DCHECK_FUNCTION_EXISTS=pthread_create    -rdynamic CMakeFiles/cmTC_080d1.dir/CheckFunctionExists.c.o  -o cmTC_080d1 -lpthreads 
/usr/bin/ld: cannot find -lpthreads
collect2: error: ld returned 1 exit status
CMakeFiles/cmTC_080d1.dir/build.make:97: recipe for target 'cmTC_080d1' failed
make[1]: *** [cmTC_080d1] Error 1
make[1]: Leaving directory '/home/axel/P5/build/CMakeFiles/CMakeTmp'
Makefile:126: recipe for target 'cmTC_080d1/fast' failed
make: *** [cmTC_080d1/fast] Error 2
>>>>>>> c0686da4ef00f543f3e2534c55792ba20b859868


